<?xml version="1.0" encoding="UTF-8"?>
<testsuite xmlns:xsi="http://www.w3.org/2001/XMLSchema-instance" xsi:noNamespaceSchemaLocation="https://maven.apache.org/surefire/maven-surefire-plugin/xsd/surefire-test-report-3.0.xsd" version="3.0" name="com.globaltrade.scm.recovery.ExceptionRecoveryManagerTest" time="1.696" tests="4" errors="0" skipped="0" failures="0">
  <properties>
[...]
</properties>
  <testcase name="recordsDeadLetterAndRethrowsTheOriginalFailureAfterExhaustingRetries" classname="com.globaltrade.scm.recovery.ExceptionRecoveryManagerTest" time="1.351">
    <system-err><![CDATA[Sept 03, 2026 11:18:56 PM com.globaltrade.scm.recovery.ExceptionRecoveryManager executeWithRetry
WARNING: Attempt 1/3 failed for TEST_OP (payload): permanently unavailable
Sept 03, 2026 11:18:56 PM com.globaltrade.scm.recovery.ExceptionRecoveryManager executeWithRetry
WARNING: Attempt 2/3 failed for TEST_OP (payload): permanently unavailable
Sept 03, 2026 11:18:56 PM com.globaltrade.scm.recovery.ExceptionRecoveryManager executeWithRetry
WARNING: Attempt 3/3 failed for TEST_OP (payload): permanently unavailable
]]></system-err>
  </testcase>
  <testcase name="succeedsOnFirstAttemptWithoutRecordingFailure" classname="com.globaltrade.scm.recovery.ExceptionRecoveryManagerTest" time="0.004"/>
  <testcase name="findUnresolvedFailuresDelegatesToEntityManagerQuery" classname="com.globaltrade.scm.recovery.ExceptionRecoveryManagerTest" time="0.078"/>
  <testcase name="succeedsAfterTransientFailuresWithoutRecordingFailure" classname="com.globaltrade.scm.recovery.ExceptionRecoveryManagerTest" time="0.231">
    <system-err><![CDATA[Sept 03, 2026 11:18:56 PM com.globaltrade.scm.recovery.ExceptionRecoveryManager executeWithRetry
WARNING: Attempt 1/3 failed for TEST_OP (payload): simulated transient failure
Sept 03, 2026 11:18:56 PM com.globaltrade.scm.recovery.ExceptionRecoveryManager executeWithRetry
WARNING: Attempt 2/3 failed for TEST_OP (payload): simulated transient failure
]]></system-err>
  </testcase>
</testsuite>